-------------------------------------------------------------------------------
Test set: com.kpjunaid.repository.UserRepositoryTest
-------------------------------------------------------------------------------
Tests run: 1, Failures: 0, Errors: 1, Skipped: 0, Time elapsed: 0.029 s <<< FAILURE! - in com.kpjunaid.repository.UserRepositoryTest
com.kpjunaid.repository.UserRepositoryTest  Time elapsed: 0.029 s  <<< ERROR!
java.lang.IllegalStateException: Unable to find a @SpringBootConfiguration, you need to use @ContextConfiguration or @SpringBootTest(classes=...) with your test

