-------------------------------------------------------------------------------
Test set: com.kpjunaid.controller.PostControllerIntegrationTest
-------------------------------------------------------------------------------
Tests run: 1, Failures: 0, Errors: 1, Skipped: 0, Time elapsed: 0.248 s <<< FAILURE! - in com.kpjunaid.controller.PostControllerIntegrationTest
com.kpjunaid.controller.PostControllerIntegrationTest  Time elapsed: 0.248 s  <<< ERROR!
java.lang.IllegalStateException: Unable to find a @SpringBootConfiguration, you need to use @ContextConfiguration or @SpringBootTest(classes=...) with your test

