-------------------------------------------------------------------------------
Test set: com.kpjunaid.service.PostServiceTest
-------------------------------------------------------------------------------
Tests run: 1, Failures: 0, Errors: 1, Skipped: 0, Time elapsed: 0.013 s <<< FAILURE! - in com.kpjunaid.service.PostServiceTest
com.kpjunaid.service.PostServiceTest  Time elapsed: 0.013 s  <<< ERROR!
java.lang.IllegalStateException: Unable to find a @SpringBootConfiguration, you need to use @ContextConfiguration or @SpringBootTest(classes=...) with your test

