-------------------------------------------------------------------------------
Test set: com.kpjunaid.repository.TagRepositoryTest
-------------------------------------------------------------------------------
Tests run: 1, Failures: 0, Errors: 1, Skipped: 0, Time elapsed: 0.033 s <<< FAILURE! - in com.kpjunaid.repository.TagRepositoryTest
com.kpjunaid.repository.TagRepositoryTest  Time elapsed: 0.033 s  <<< ERROR!
java.lang.IllegalStateException: Unable to find a @SpringBootConfiguration, you need to use @ContextConfiguration or @SpringBootTest(classes=...) with your test

