-------------------------------------------------------------------------------
Test set: com.kpjunaid.controller.CountryControllerIntegrationTest
-------------------------------------------------------------------------------
Tests run: 1, Failures: 0, Errors: 1, Skipped: 0, Time elapsed: 0.647 s <<< FAILURE! - in com.kpjunaid.controller.CountryControllerIntegrationTest
com.kpjunaid.controller.CountryControllerIntegrationTest  Time elapsed: 0.644 s  <<< ERROR!
java.lang.IllegalStateException: Unable to find a @SpringBootConfiguration, you need to use @ContextConfiguration or @SpringBootTest(classes=...) with your test

