-------------------------------------------------------------------------------
Test set: com.kpjunaid.repository.CountryRepositoryTest
-------------------------------------------------------------------------------
Tests run: 1, Failures: 0, Errors: 1, Skipped: 0, Time elapsed: 0.027 s <<< FAILURE! - in com.kpjunaid.repository.CountryRepositoryTest
com.kpjunaid.repository.CountryRepositoryTest  Time elapsed: 0.027 s  <<< ERROR!
java.lang.IllegalStateException: Unable to find a @SpringBootConfiguration, you need to use @ContextConfiguration or @SpringBootTest(classes=...) with your test

