-------------------------------------------------------------------------------
Test set: com.kpjunaid.repository.PostRepositoryTest
-------------------------------------------------------------------------------
Tests run: 1, Failures: 0, Errors: 1, Skipped: 0, Time elapsed: 0.066 s <<< FAILURE! - in com.kpjunaid.repository.PostRepositoryTest
com.kpjunaid.repository.PostRepositoryTest  Time elapsed: 0.066 s  <<< ERROR!
java.lang.IllegalStateException: Unable to find a @SpringBootConfiguration, you need to use @ContextConfiguration or @SpringBootTest(classes=...) with your test

