-------------------------------------------------------------------------------
Test set: com.kpjunaid.service.TagServiceTest
-------------------------------------------------------------------------------
Tests run: 1, Failures: 0, Errors: 1, Skipped: 0, Time elapsed: 0.054 s <<< FAILURE! - in com.kpjunaid.service.TagServiceTest
com.kpjunaid.service.TagServiceTest  Time elapsed: 0.054 s  <<< ERROR!
java.lang.IllegalStateException: Unable to find a @SpringBootConfiguration, you need to use @ContextConfiguration or @SpringBootTest(classes=...) with your test

