-------------------------------------------------------------------------------
Test set: com.kpjunaid.service.CommentServiceTest
-------------------------------------------------------------------------------
Tests run: 1, Failures: 0, Errors: 1, Skipped: 0, Time elapsed: 0.02 s <<< FAILURE! - in com.kpjunaid.service.CommentServiceTest
com.kpjunaid.service.CommentServiceTest  Time elapsed: 0.02 s  <<< ERROR!
java.lang.IllegalStateException: Unable to find a @SpringBootConfiguration, you need to use @ContextConfiguration or @SpringBootTest(classes=...) with your test

