-------------------------------------------------------------------------------
Test set: com.kpjunaid.service.CountryServiceTest
-------------------------------------------------------------------------------
Tests run: 1, Failures: 0, Errors: 1, Skipped: 0, Time elapsed: 0.01 s <<< FAILURE! - in com.kpjunaid.service.CountryServiceTest
com.kpjunaid.service.CountryServiceTest  Time elapsed: 0.01 s  <<< ERROR!
java.lang.IllegalStateException: Unable to find a @SpringBootConfiguration, you need to use @ContextConfiguration or @SpringBootTest(classes=...) with your test

