-------------------------------------------------------------------------------
Test set: com.kpjunaid.service.NotificationServiceTest
-------------------------------------------------------------------------------
Tests run: 1, Failures: 0, Errors: 1, Skipped: 0, Time elapsed: 0.012 s <<< FAILURE! - in com.kpjunaid.service.NotificationServiceTest
com.kpjunaid.service.NotificationServiceTest  Time elapsed: 0.012 s  <<< ERROR!
java.lang.IllegalStateException: Unable to find a @SpringBootConfiguration, you need to use @ContextConfiguration or @SpringBootTest(classes=...) with your test

